<?xml version="1.0" encoding="UTF-8"?>
<robot generator="Robot 3.0.4 (Python 3.6.5 on win32)" generated="20180517 17:52:47.021">
<suite id="s1" name="Demo" source="D:\D\pyStudy\robotFramework\demo.robot">
<test id="s1-t1" name="First Case">
<kw name="Log To Console" library="BuiltIn">
<doc>Logs the given message to the console.</doc>
<arguments>
<arg>${var1}</arg>
</arguments>
<status status="PASS" starttime="20180517 17:52:47.122" endtime="20180517 17:52:47.122"></status>
</kw>
<kw name="Log To Console" library="BuiltIn">
<doc>Logs the given message to the console.</doc>
<arguments>
<arg>${list1}[0]</arg>
</arguments>
<status status="PASS" starttime="20180517 17:52:47.123" endtime="20180517 17:52:47.123"></status>
</kw>
<kw name="Log To Console" library="BuiltIn">
<doc>Logs the given message to the console.</doc>
<arguments>
<arg>${list1[0]}</arg>
</arguments>
<status status="PASS" starttime="20180517 17:52:47.123" endtime="20180517 17:52:47.123"></status>
</kw>
<kw name="Log To Console" library="BuiltIn">
<doc>Logs the given message to the console.</doc>
<arguments>
<arg>${dict1}['key1']</arg>
</arguments>
<status status="PASS" starttime="20180517 17:52:47.124" endtime="20180517 17:52:47.124"></status>
</kw>
<kw name="Log To Console" library="BuiltIn">
<doc>Logs the given message to the console.</doc>
<arguments>
<arg>${dict1['key1']}</arg>
</arguments>
<status status="PASS" starttime="20180517 17:52:47.124" endtime="20180517 17:52:47.125"></status>
</kw>
<kw name="Log To Console" library="BuiltIn">
<doc>Logs the given message to the console.</doc>
<arguments>
<arg>${dict1.key1}</arg>
</arguments>
<status status="PASS" starttime="20180517 17:52:47.125" endtime="20180517 17:52:47.125"></status>
</kw>
<doc>variable type</doc>
<status status="PASS" starttime="20180517 17:52:47.121" endtime="20180517 17:52:47.126" critical="yes"></status>
</test>
<test id="s1-t2" name="Second Case">
<kw name="Calculate and Check Equals" library="pub">
<kw name="Evaluate" library="BuiltIn">
<doc>Evaluates the given expression in Python and returns the results.</doc>
<arguments>
<arg>${expression}</arg>
</arguments>
<assign>
<var>${res}</var>
</assign>
<msg timestamp="20180517 17:52:47.127" level="INFO">${res} = 6</msg>
<status status="PASS" starttime="20180517 17:52:47.127" endtime="20180517 17:52:47.127"></status>
</kw>
<kw name="Log To Console" library="BuiltIn">
<doc>Logs the given message to the console.</doc>
<arguments>
<arg>expression = ${expression}</arg>
</arguments>
<status status="PASS" starttime="20180517 17:52:47.127" endtime="20180517 17:52:47.127"></status>
</kw>
<kw name="Log To Console" library="BuiltIn">
<doc>Logs the given message to the console.</doc>
<arguments>
<arg>result = ${res}</arg>
</arguments>
<status status="PASS" starttime="20180517 17:52:47.128" endtime="20180517 17:52:47.128"></status>
</kw>
<kw name="Should Be Equal" library="BuiltIn">
<doc>Fails if the given objects are unequal.</doc>
<arguments>
<arg>${res}</arg>
<arg>${expected}</arg>
</arguments>
<status status="PASS" starttime="20180517 17:52:47.128" endtime="20180517 17:52:47.128"></status>
</kw>
<status status="PASS" starttime="20180517 17:52:47.127" endtime="20180517 17:52:47.128"></status>
</kw>
<kw name="Calculate and Check Equals" library="pub">
<arguments>
<arg>1+5</arg>
</arguments>
<kw name="Evaluate" library="BuiltIn">
<doc>Evaluates the given expression in Python and returns the results.</doc>
<arguments>
<arg>${expression}</arg>
</arguments>
<assign>
<var>${res}</var>
</assign>
<msg timestamp="20180517 17:52:47.129" level="INFO">${res} = 6</msg>
<status status="PASS" starttime="20180517 17:52:47.129" endtime="20180517 17:52:47.129"></status>
</kw>
<kw name="Log To Console" library="BuiltIn">
<doc>Logs the given message to the console.</doc>
<arguments>
<arg>expression = ${expression}</arg>
</arguments>
<status status="PASS" starttime="20180517 17:52:47.129" endtime="20180517 17:52:47.129"></status>
</kw>
<kw name="Log To Console" library="BuiltIn">
<doc>Logs the given message to the console.</doc>
<arguments>
<arg>result = ${res}</arg>
</arguments>
<status status="PASS" starttime="20180517 17:52:47.129" endtime="20180517 17:52:47.130"></status>
</kw>
<kw name="Should Be Equal" library="BuiltIn">
<doc>Fails if the given objects are unequal.</doc>
<arguments>
<arg>${res}</arg>
<arg>${expected}</arg>
</arguments>
<status status="PASS" starttime="20180517 17:52:47.131" endtime="20180517 17:52:47.131"></status>
</kw>
<status status="PASS" starttime="20180517 17:52:47.128" endtime="20180517 17:52:47.131"></status>
</kw>
<kw name="Calculate and Check Equals" library="pub">
<arguments>
<arg>7-2</arg>
<arg>${5}</arg>
</arguments>
<kw name="Evaluate" library="BuiltIn">
<doc>Evaluates the given expression in Python and returns the results.</doc>
<arguments>
<arg>${expression}</arg>
</arguments>
<assign>
<var>${res}</var>
</assign>
<msg timestamp="20180517 17:52:47.132" level="INFO">${res} = 5</msg>
<status status="PASS" starttime="20180517 17:52:47.131" endtime="20180517 17:52:47.132"></status>
</kw>
<kw name="Log To Console" library="BuiltIn">
<doc>Logs the given message to the console.</doc>
<arguments>
<arg>expression = ${expression}</arg>
</arguments>
<status status="PASS" starttime="20180517 17:52:47.132" endtime="20180517 17:52:47.132"></status>
</kw>
<kw name="Log To Console" library="BuiltIn">
<doc>Logs the given message to the console.</doc>
<arguments>
<arg>result = ${res}</arg>
</arguments>
<status status="PASS" starttime="20180517 17:52:47.132" endtime="20180517 17:52:47.132"></status>
</kw>
<kw name="Should Be Equal" library="BuiltIn">
<doc>Fails if the given objects are unequal.</doc>
<arguments>
<arg>${res}</arg>
<arg>${expected}</arg>
</arguments>
<status status="PASS" starttime="20180517 17:52:47.132" endtime="20180517 17:52:47.133"></status>
</kw>
<status status="PASS" starttime="20180517 17:52:47.131" endtime="20180517 17:52:47.133"></status>
</kw>
<kw name="Calculate and Check Equals" library="pub">
<arguments>
<arg>expression=6+3</arg>
<arg>expected=${9}</arg>
</arguments>
<kw name="Evaluate" library="BuiltIn">
<doc>Evaluates the given expression in Python and returns the results.</doc>
<arguments>
<arg>${expression}</arg>
</arguments>
<assign>
<var>${res}</var>
</assign>
<msg timestamp="20180517 17:52:47.134" level="INFO">${res} = 9</msg>
<status status="PASS" starttime="20180517 17:52:47.134" endtime="20180517 17:52:47.134"></status>
</kw>
<kw name="Log To Console" library="BuiltIn">
<doc>Logs the given message to the console.</doc>
<arguments>
<arg>expression = ${expression}</arg>
</arguments>
<status status="PASS" starttime="20180517 17:52:47.134" endtime="20180517 17:52:47.134"></status>
</kw>
<kw name="Log To Console" library="BuiltIn">
<doc>Logs the given message to the console.</doc>
<arguments>
<arg>result = ${res}</arg>
</arguments>
<status status="PASS" starttime="20180517 17:52:47.134" endtime="20180517 17:52:47.135"></status>
</kw>
<kw name="Should Be Equal" library="BuiltIn">
<doc>Fails if the given objects are unequal.</doc>
<arguments>
<arg>${res}</arg>
<arg>${expected}</arg>
</arguments>
<status status="PASS" starttime="20180517 17:52:47.135" endtime="20180517 17:52:47.135"></status>
</kw>
<status status="PASS" starttime="20180517 17:52:47.133" endtime="20180517 17:52:47.135"></status>
</kw>
<doc>Default values with user-keywords</doc>
<status status="PASS" starttime="20180517 17:52:47.126" endtime="20180517 17:52:47.135" critical="yes"></status>
</test>
<test id="s1-t3" name="Third Case">
<kw name="Varargs keyword" library="pub">
<arguments>
<arg>a</arg>
<arg>f</arg>
<arg>${var1}</arg>
</arguments>
<kw name="Log To Console" library="BuiltIn">
<doc>Logs the given message to the console.</doc>
<arguments>
<arg>--------</arg>
</arguments>
<status status="PASS" starttime="20180517 17:52:47.137" endtime="20180517 17:52:47.137"></status>
</kw>
<kw name="${item} IN [ @{args} ]" type="for">
<kw name="${item} = a" type="foritem">
<kw name="Log To Console" library="BuiltIn">
<doc>Logs the given message to the console.</doc>
<arguments>
<arg>${item}</arg>
</arguments>
<status status="PASS" starttime="20180517 17:52:47.138" endtime="20180517 17:52:47.138"></status>
</kw>
<status status="PASS" starttime="20180517 17:52:47.137" endtime="20180517 17:52:47.138"></status>
</kw>
<kw name="${item} = f" type="foritem">
<kw name="Log To Console" library="BuiltIn">
<doc>Logs the given message to the console.</doc>
<arguments>
<arg>${item}</arg>
</arguments>
<status status="PASS" starttime="20180517 17:52:47.138" endtime="20180517 17:52:47.138"></status>
</kw>
<status status="PASS" starttime="20180517 17:52:47.138" endtime="20180517 17:52:47.139"></status>
</kw>
<kw name="${item} = value" type="foritem">
<kw name="Log To Console" library="BuiltIn">
<doc>Logs the given message to the console.</doc>
<arguments>
<arg>${item}</arg>
</arguments>
<status status="PASS" starttime="20180517 17:52:47.139" endtime="20180517 17:52:47.140"></status>
</kw>
<status status="PASS" starttime="20180517 17:52:47.139" endtime="20180517 17:52:47.140"></status>
</kw>
<status status="PASS" starttime="20180517 17:52:47.137" endtime="20180517 17:52:47.140"></status>
</kw>
<status status="PASS" starttime="20180517 17:52:47.137" endtime="20180517 17:52:47.140"></status>
</kw>
<kw name="Varargs keyword" library="pub">
<arguments>
<arg>@{list1}</arg>
<arg>${var1}</arg>
</arguments>
<kw name="Log To Console" library="BuiltIn">
<doc>Logs the given message to the console.</doc>
<arguments>
<arg>--------</arg>
</arguments>
<status status="PASS" starttime="20180517 17:52:47.140" endtime="20180517 17:52:47.140"></status>
</kw>
<kw name="${item} IN [ @{args} ]" type="for">
<kw name="${item} = a" type="foritem">
<kw name="Log To Console" library="BuiltIn">
<doc>Logs the given message to the console.</doc>
<arguments>
<arg>${item}</arg>
</arguments>
<status status="PASS" starttime="20180517 17:52:47.141" endtime="20180517 17:52:47.141"></status>
</kw>
<status status="PASS" starttime="20180517 17:52:47.140" endtime="20180517 17:52:47.141"></status>
</kw>
<kw name="${item} = b" type="foritem">
<kw name="Log To Console" library="BuiltIn">
<doc>Logs the given message to the console.</doc>
<arguments>
<arg>${item}</arg>
</arguments>
<status status="PASS" starttime="20180517 17:52:47.141" endtime="20180517 17:52:47.141"></status>
</kw>
<status status="PASS" starttime="20180517 17:52:47.141" endtime="20180517 17:52:47.141"></status>
</kw>
<kw name="${item} = c" type="foritem">
<kw name="Log To Console" library="BuiltIn">
<doc>Logs the given message to the console.</doc>
<arguments>
<arg>${item}</arg>
</arguments>
<status status="PASS" starttime="20180517 17:52:47.142" endtime="20180517 17:52:47.142"></status>
</kw>
<status status="PASS" starttime="20180517 17:52:47.141" endtime="20180517 17:52:47.142"></status>
</kw>
<kw name="${item} = d" type="foritem">
<kw name="Log To Console" library="BuiltIn">
<doc>Logs the given message to the console.</doc>
<arguments>
<arg>${item}</arg>
</arguments>
<status status="PASS" starttime="20180517 17:52:47.142" endtime="20180517 17:52:47.142"></status>
</kw>
<status status="PASS" starttime="20180517 17:52:47.142" endtime="20180517 17:52:47.143"></status>
</kw>
<kw name="${item} = value" type="foritem">
<kw name="Log To Console" library="BuiltIn">
<doc>Logs the given message to the console.</doc>
<arguments>
<arg>${item}</arg>
</arguments>
<status status="PASS" starttime="20180517 17:52:47.143" endtime="20180517 17:52:47.143"></status>
</kw>
<status status="PASS" starttime="20180517 17:52:47.143" endtime="20180517 17:52:47.143"></status>
</kw>
<status status="PASS" starttime="20180517 17:52:47.140" endtime="20180517 17:52:47.143"></status>
</kw>
<status status="PASS" starttime="20180517 17:52:47.140" endtime="20180517 17:52:47.143"></status>
</kw>
<kw name="Kwargs keyword" library="pub">
<arguments>
<arg>key1=value1</arg>
<arg>key2=789</arg>
</arguments>
<kw name="Log To Console" library="BuiltIn">
<doc>Logs the given message to the console.</doc>
<arguments>
<arg>--------</arg>
</arguments>
<status status="PASS" starttime="20180517 17:52:47.144" endtime="20180517 17:52:47.144"></status>
</kw>
<kw name="${item} IN [ @{kwargs.items()} ]" type="for">
<kw name="${item} = ('key1', 'value1')" type="foritem">
<kw name="Log To Console" library="BuiltIn">
<doc>Logs the given message to the console.</doc>
<arguments>
<arg>${item}</arg>
</arguments>
<status status="PASS" starttime="20180517 17:52:47.144" endtime="20180517 17:52:47.145"></status>
</kw>
<status status="PASS" starttime="20180517 17:52:47.144" endtime="20180517 17:52:47.145"></status>
</kw>
<kw name="${item} = ('key2', '789')" type="foritem">
<kw name="Log To Console" library="BuiltIn">
<doc>Logs the given message to the console.</doc>
<arguments>
<arg>${item}</arg>
</arguments>
<status status="PASS" starttime="20180517 17:52:47.145" endtime="20180517 17:52:47.145"></status>
</kw>
<status status="PASS" starttime="20180517 17:52:47.145" endtime="20180517 17:52:47.145"></status>
</kw>
<status status="PASS" starttime="20180517 17:52:47.144" endtime="20180517 17:52:47.145"></status>
</kw>
<status status="PASS" starttime="20180517 17:52:47.143" endtime="20180517 17:52:47.145"></status>
</kw>
<kw name="Kwargs keyword" library="pub">
<arguments>
<arg>&amp;{dict1}</arg>
</arguments>
<kw name="Log To Console" library="BuiltIn">
<doc>Logs the given message to the console.</doc>
<arguments>
<arg>--------</arg>
</arguments>
<status status="PASS" starttime="20180517 17:52:47.146" endtime="20180517 17:52:47.146"></status>
</kw>
<kw name="${item} IN [ @{kwargs.items()} ]" type="for">
<kw name="${item} = ('key1', 'sf')" type="foritem">
<kw name="Log To Console" library="BuiltIn">
<doc>Logs the given message to the console.</doc>
<arguments>
<arg>${item}</arg>
</arguments>
<status status="PASS" starttime="20180517 17:52:47.147" endtime="20180517 17:52:47.147"></status>
</kw>
<status status="PASS" starttime="20180517 17:52:47.146" endtime="20180517 17:52:47.147"></status>
</kw>
<kw name="${item} = ('key2', ['a', 'b', 'c', 'd'])" type="foritem">
<kw name="Log To Console" library="BuiltIn">
<doc>Logs the given message to the console.</doc>
<arguments>
<arg>${item}</arg>
</arguments>
<status status="PASS" starttime="20180517 17:52:47.147" endtime="20180517 17:52:47.147"></status>
</kw>
<status status="PASS" starttime="20180517 17:52:47.147" endtime="20180517 17:52:47.147"></status>
</kw>
<status status="PASS" starttime="20180517 17:52:47.146" endtime="20180517 17:52:47.147"></status>
</kw>
<status status="PASS" starttime="20180517 17:52:47.146" endtime="20180517 17:52:47.147"></status>
</kw>
<kw name="Kwargs keyword" library="pub">
<arguments>
<arg>&amp;{dict1}</arg>
<arg>mykey=tututu</arg>
<arg>&amp;{dict1}</arg>
</arguments>
<kw name="Log To Console" library="BuiltIn">
<doc>Logs the given message to the console.</doc>
<arguments>
<arg>--------</arg>
</arguments>
<status status="PASS" starttime="20180517 17:52:47.149" endtime="20180517 17:52:47.149"></status>
</kw>
<kw name="${item} IN [ @{kwargs.items()} ]" type="for">
<kw name="${item} = ('key1', 'sf')" type="foritem">
<kw name="Log To Console" library="BuiltIn">
<doc>Logs the given message to the console.</doc>
<arguments>
<arg>${item}</arg>
</arguments>
<status status="PASS" starttime="20180517 17:52:47.149" endtime="20180517 17:52:47.150"></status>
</kw>
<status status="PASS" starttime="20180517 17:52:47.149" endtime="20180517 17:52:47.150"></status>
</kw>
<kw name="${item} = ('key2', ['a', 'b', 'c', 'd'])" type="foritem">
<kw name="Log To Console" library="BuiltIn">
<doc>Logs the given message to the console.</doc>
<arguments>
<arg>${item}</arg>
</arguments>
<status status="PASS" starttime="20180517 17:52:47.150" endtime="20180517 17:52:47.150"></status>
</kw>
<status status="PASS" starttime="20180517 17:52:47.150" endtime="20180517 17:52:47.150"></status>
</kw>
<kw name="${item} = ('mykey', 'tututu')" type="foritem">
<kw name="Log To Console" library="BuiltIn">
<doc>Logs the given message to the console.</doc>
<arguments>
<arg>${item}</arg>
</arguments>
<status status="PASS" starttime="20180517 17:52:47.150" endtime="20180517 17:52:47.151"></status>
</kw>
<status status="PASS" starttime="20180517 17:52:47.150" endtime="20180517 17:52:47.151"></status>
</kw>
<status status="PASS" starttime="20180517 17:52:47.149" endtime="20180517 17:52:47.151"></status>
</kw>
<status status="PASS" starttime="20180517 17:52:47.148" endtime="20180517 17:52:47.152"></status>
</kw>
<doc>Varargs with user-keywords</doc>
<status status="PASS" starttime="20180517 17:52:47.136" endtime="20180517 17:52:47.152" critical="yes"></status>
</test>
<test id="s1-t4" name="Fourth Case">
<kw name="Calculate &quot;2+4&quot; and Check Equals &quot;${6}&quot;" library="pub">
<kw name="Calculate and Check Equals" library="pub">
<arguments>
<arg>${expression}</arg>
<arg>${expected}</arg>
</arguments>
<kw name="Evaluate" library="BuiltIn">
<doc>Evaluates the given expression in Python and returns the results.</doc>
<arguments>
<arg>${expression}</arg>
</arguments>
<assign>
<var>${res}</var>
</assign>
<msg timestamp="20180517 17:52:47.154" level="INFO">${res} = 6</msg>
<status status="PASS" starttime="20180517 17:52:47.154" endtime="20180517 17:52:47.154"></status>
</kw>
<kw name="Log To Console" library="BuiltIn">
<doc>Logs the given message to the console.</doc>
<arguments>
<arg>expression = ${expression}</arg>
</arguments>
<status status="PASS" starttime="20180517 17:52:47.154" endtime="20180517 17:52:47.155"></status>
</kw>
<kw name="Log To Console" library="BuiltIn">
<doc>Logs the given message to the console.</doc>
<arguments>
<arg>result = ${res}</arg>
</arguments>
<status status="PASS" starttime="20180517 17:52:47.155" endtime="20180517 17:52:47.155"></status>
</kw>
<kw name="Should Be Equal" library="BuiltIn">
<doc>Fails if the given objects are unequal.</doc>
<arguments>
<arg>${res}</arg>
<arg>${expected}</arg>
</arguments>
<status status="PASS" starttime="20180517 17:52:47.155" endtime="20180517 17:52:47.155"></status>
</kw>
<status status="PASS" starttime="20180517 17:52:47.154" endtime="20180517 17:52:47.155"></status>
</kw>
<status status="PASS" starttime="20180517 17:52:47.153" endtime="20180517 17:52:47.155"></status>
</kw>
<kw name="Calculate &quot;9-2&quot; and Check Equals &quot;${7}&quot;" library="pub">
<kw name="Calculate and Check Equals" library="pub">
<arguments>
<arg>${expression}</arg>
<arg>${expected}</arg>
</arguments>
<kw name="Evaluate" library="BuiltIn">
<doc>Evaluates the given expression in Python and returns the results.</doc>
<arguments>
<arg>${expression}</arg>
</arguments>
<assign>
<var>${res}</var>
</assign>
<msg timestamp="20180517 17:52:47.156" level="INFO">${res} = 7</msg>
<status status="PASS" starttime="20180517 17:52:47.156" endtime="20180517 17:52:47.156"></status>
</kw>
<kw name="Log To Console" library="BuiltIn">
<doc>Logs the given message to the console.</doc>
<arguments>
<arg>expression = ${expression}</arg>
</arguments>
<status status="PASS" starttime="20180517 17:52:47.156" endtime="20180517 17:52:47.156"></status>
</kw>
<kw name="Log To Console" library="BuiltIn">
<doc>Logs the given message to the console.</doc>
<arguments>
<arg>result = ${res}</arg>
</arguments>
<status status="PASS" starttime="20180517 17:52:47.157" endtime="20180517 17:52:47.157"></status>
</kw>
<kw name="Should Be Equal" library="BuiltIn">
<doc>Fails if the given objects are unequal.</doc>
<arguments>
<arg>${res}</arg>
<arg>${expected}</arg>
</arguments>
<status status="PASS" starttime="20180517 17:52:47.157" endtime="20180517 17:52:47.158"></status>
</kw>
<status status="PASS" starttime="20180517 17:52:47.156" endtime="20180517 17:52:47.158"></status>
</kw>
<status status="PASS" starttime="20180517 17:52:47.155" endtime="20180517 17:52:47.158"></status>
</kw>
<kw name="Calculate &quot;6*4&quot; and Check Equals &quot;${24}&quot;" library="pub">
<kw name="Calculate and Check Equals" library="pub">
<arguments>
<arg>${expression}</arg>
<arg>${expected}</arg>
</arguments>
<kw name="Evaluate" library="BuiltIn">
<doc>Evaluates the given expression in Python and returns the results.</doc>
<arguments>
<arg>${expression}</arg>
</arguments>
<assign>
<var>${res}</var>
</assign>
<msg timestamp="20180517 17:52:47.159" level="INFO">${res} = 24</msg>
<status status="PASS" starttime="20180517 17:52:47.159" endtime="20180517 17:52:47.159"></status>
</kw>
<kw name="Log To Console" library="BuiltIn">
<doc>Logs the given message to the console.</doc>
<arguments>
<arg>expression = ${expression}</arg>
</arguments>
<status status="PASS" starttime="20180517 17:52:47.159" endtime="20180517 17:52:47.159"></status>
</kw>
<kw name="Log To Console" library="BuiltIn">
<doc>Logs the given message to the console.</doc>
<arguments>
<arg>result = ${res}</arg>
</arguments>
<status status="PASS" starttime="20180517 17:52:47.159" endtime="20180517 17:52:47.159"></status>
</kw>
<kw name="Should Be Equal" library="BuiltIn">
<doc>Fails if the given objects are unequal.</doc>
<arguments>
<arg>${res}</arg>
<arg>${expected}</arg>
</arguments>
<status status="PASS" starttime="20180517 17:52:47.160" endtime="20180517 17:52:47.160"></status>
</kw>
<status status="PASS" starttime="20180517 17:52:47.158" endtime="20180517 17:52:47.160"></status>
</kw>
<status status="PASS" starttime="20180517 17:52:47.158" endtime="20180517 17:52:47.160"></status>
</kw>
<doc>data-driven case</doc>
<status status="PASS" starttime="20180517 17:52:47.153" endtime="20180517 17:52:47.160" critical="yes"></status>
</test>
<test id="s1-t5" name="Fifth Case">
<kw name="Get Dictionary Keys" library="Collections">
<doc>Returns keys of the given ``dictionary``.</doc>
<arguments>
<arg>${dict1}</arg>
</arguments>
<assign>
<var>${item}</var>
</assign>
<msg timestamp="20180517 17:52:47.162" level="INFO">${item} = ['key1', 'key2']</msg>
<status status="PASS" starttime="20180517 17:52:47.162" endtime="20180517 17:52:47.162"></status>
</kw>
<kw name="Log To Console" library="BuiltIn">
<doc>Logs the given message to the console.</doc>
<arguments>
<arg>${item}</arg>
</arguments>
<status status="PASS" starttime="20180517 17:52:47.163" endtime="20180517 17:52:47.163"></status>
</kw>
<doc>builtIn library</doc>
<status status="PASS" starttime="20180517 17:52:47.162" endtime="20180517 17:52:47.164" critical="yes"></status>
</test>
<test id="s1-t6" name="Sixth Case">
<kw name="Gen Sign" library="mylib">
<arguments>
<arg>@{list1}</arg>
</arguments>
<assign>
<var>${sign}</var>
</assign>
<msg timestamp="20180517 17:52:47.165" level="INFO">${sign} = e2fc714c4727ee9395f324cd2e7f331f</msg>
<status status="PASS" starttime="20180517 17:52:47.165" endtime="20180517 17:52:47.165"></status>
</kw>
<kw name="Log To Console" library="BuiltIn">
<doc>Logs the given message to the console.</doc>
<arguments>
<arg>${sign}</arg>
</arguments>
<status status="PASS" starttime="20180517 17:52:47.165" endtime="20180517 17:52:47.165"></status>
</kw>
<kw name="Add Member" library="yourLib">
<arguments>
<arg>Mike</arg>
</arguments>
<assign>
<var>${members}</var>
</assign>
<msg timestamp="20180517 17:52:47.167" level="INFO">${members} = ['Mike']</msg>
<status status="PASS" starttime="20180517 17:52:47.167" endtime="20180517 17:52:47.167"></status>
</kw>
<kw name="Log To Console" library="BuiltIn">
<doc>Logs the given message to the console.</doc>
<arguments>
<arg>${members}</arg>
</arguments>
<status status="PASS" starttime="20180517 17:52:47.167" endtime="20180517 17:52:47.168"></status>
</kw>
<kw name="Add Member" library="yourLib">
<arguments>
<arg>John</arg>
</arguments>
<assign>
<var>${members}</var>
</assign>
<msg timestamp="20180517 17:52:47.168" level="INFO">${members} = ['Mike', 'John']</msg>
<status status="PASS" starttime="20180517 17:52:47.168" endtime="20180517 17:52:47.168"></status>
</kw>
<kw name="Log To Console" library="BuiltIn">
<doc>Logs the given message to the console.</doc>
<arguments>
<arg>${members}</arg>
</arguments>
<status status="PASS" starttime="20180517 17:52:47.169" endtime="20180517 17:52:47.169"></status>
</kw>
<doc>custome keyword</doc>
<status status="PASS" starttime="20180517 17:52:47.164" endtime="20180517 17:52:47.169" critical="yes"></status>
</test>
<test id="s1-t7" name="Seventh Case">
<kw name="Add Member" library="yourLib">
<arguments>
<arg>1234</arg>
</arguments>
<assign>
<var>${members}</var>
</assign>
<msg timestamp="20180517 17:52:47.172" level="INFO">${members} = ['1234']</msg>
<status status="PASS" starttime="20180517 17:52:47.171" endtime="20180517 17:52:47.172"></status>
</kw>
<kw name="Log To Console" library="BuiltIn">
<doc>Logs the given message to the console.</doc>
<arguments>
<arg>${members}</arg>
</arguments>
<status status="PASS" starttime="20180517 17:52:47.172" endtime="20180517 17:52:47.172"></status>
</kw>
<status status="PASS" starttime="20180517 17:52:47.171" endtime="20180517 17:52:47.173" critical="yes"></status>
</test>
<test id="s1-t8" name="Eighth Case">
<kw name="Get" library="reqLib">
<doc>send get request </doc>
<arguments>
<arg>http://httpbin.org/get</arg>
<arg>action=hadogen</arg>
</arguments>
<msg timestamp="20180517 17:52:47.175" level="INFO">= &lt;request params&gt; = 
{'action': 'hadogen'}</msg>
<msg timestamp="20180517 17:52:47.175" level="INFO">= &lt;request data&gt; = 
None</msg>
<msg timestamp="20180517 17:52:47.734" level="INFO">= &lt;response code&gt; = 
200</msg>
<msg timestamp="20180517 17:52:47.735" level="INFO">= &lt;response content&gt; = 
b'{"args":{"action":"hadogen"},"headers":{"Accept":"*/*","Accept-Encoding":"gzip, deflate","Connection":"close","Host":"httpbin.org","User-Agent":"python-requests/2.18.4"},"origin":"125.119.205.78","url":"http://httpbin.org/get?action=hadogen"}\n'</msg>
<status status="PASS" starttime="20180517 17:52:47.174" endtime="20180517 17:52:47.735"></status>
</kw>
<kw name="Check Status Code" library="reqLib">
<doc>check response http code </doc>
<arguments>
<arg>200</arg>
</arguments>
<status status="PASS" starttime="20180517 17:52:47.736" endtime="20180517 17:52:47.737"></status>
</kw>
<status status="PASS" starttime="20180517 17:52:47.173" endtime="20180517 17:52:47.738" critical="yes"></status>
</test>
<doc>Example test cases using the keyword-driven testing approach.</doc>
<status status="PASS" starttime="20180517 17:52:47.022" endtime="20180517 17:52:47.744"></status>
</suite>
<statistics>
<total>
<stat pass="8" fail="0">Critical Tests</stat>
<stat pass="8" fail="0">All Tests</stat>
</total>
<tag>
</tag>
<suite>
<stat pass="8" fail="0" id="s1" name="Demo">Demo</stat>
</suite>
</statistics>
<errors>
</errors>
</robot>
